\BOOKMARK [1][-]{section.1}{\376\377\000I\000n\000t\000r\000o\000d\000u\000c\000t\000i\000o\000n}{}% 1
\BOOKMARK [1][-]{section.2}{\376\377\000P\000r\000e\000l\000i\000m\000i\000n\000a\000r\000i\000e\000s}{}% 2
\BOOKMARK [2][-]{subsection.2.1}{\376\377\000M\000e\000r\000k\000l\000e\000\040\000C\000o\000m\000m\000i\000t\000m\000e\000n\000t\000s}{section.2}% 3
\BOOKMARK [2][-]{subsection.2.2}{\376\377\000F\000i\000a\000t\000-\000S\000h\000a\000m\000i\000r\000\040\000T\000r\000a\000n\000s\000f\000o\000r\000m}{section.2}% 4
\BOOKMARK [1][-]{section.3}{\376\377\000F\000R\000I\000-\000b\000a\000s\000e\000d\000\040\000P\000C\000S}{}% 5
\BOOKMARK [2][-]{subsection.3.1}{\376\377\000H\000a\000s\000h\000i\000n\000g}{section.3}% 6
\BOOKMARK [2][-]{subsection.3.2}{\376\377\000F\000R\000I}{section.3}% 7
\BOOKMARK [3][-]{subsubsection.3.2.1}{\376\377\000F\000o\000l\000d\000i\000n\000g\000\040\000P\000h\000a\000s\000e}{subsection.3.2}% 8
\BOOKMARK [3][-]{subsubsection.3.2.2}{\376\377\000Q\000u\000e\000r\000y\000\040\000P\000h\000a\000s\000e}{subsection.3.2}% 9
\BOOKMARK [3][-]{subsubsection.3.2.3}{\376\377\000P\000a\000r\000a\000m\000e\000t\000e\000r\000s}{subsection.3.2}% 10
\BOOKMARK [2][-]{subsection.3.3}{\376\377\000P\000o\000l\000y\000n\000o\000m\000i\000a\000l\000\040\000C\000o\000m\000m\000i\000t\000m\000e\000n\000t\000\040\000S\000c\000h\000e\000m\000e}{section.3}% 11
\BOOKMARK [3][-]{subsubsection.3.3.1}{\376\377\000B\000a\000t\000c\000h\000i\000n\000g}{subsection.3.3}% 12
\BOOKMARK [1][-]{section.4}{\376\377\000P\000L\000O\000N\000K}{}% 13
\BOOKMARK [2][-]{subsection.4.1}{\376\377\000T\000h\000e\000\040\000I\000n\000t\000e\000r\000p\000o\000l\000a\000t\000i\000n\000g\000\040\000P\000o\000l\000y\000n\000o\000m\000i\000a\000l\000s}{section.4}% 14
\BOOKMARK [2][-]{subsection.4.2}{\376\377\000V\000a\000l\000i\000d\000i\000t\000y\000\040\000C\000h\000e\000c\000k\000s}{section.4}% 15
\BOOKMARK [3][-]{subsubsection.4.2.1}{\376\377\000B\000a\000s\000i\000c\000\040\000T\000e\000s\000t\000s}{subsection.4.2}% 16
\BOOKMARK [3][-]{subsubsection.4.2.2}{\376\377\000I\000n\000p\000u\000t\000s}{subsection.4.2}% 17
\BOOKMARK [3][-]{subsubsection.4.2.3}{\376\377\000G\000a\000t\000e\000\040\000E\000v\000a\000l\000u\000a\000t\000i\000o\000n}{subsection.4.2}% 18
\BOOKMARK [3][-]{subsubsection.4.2.4}{\376\377\000W\000i\000r\000i\000n\000g}{subsection.4.2}% 19
\BOOKMARK [3][-]{subsubsection.4.2.5}{\376\377\000L\000o\000o\000k\000u\000p\000s}{subsection.4.2}% 20
\BOOKMARK [2][-]{subsection.4.3}{\376\377\000I\000m\000p\000l\000e\000m\000e\000n\000t\000a\000t\000i\000o\000n\000\040\000N\000o\000t\000e\000s}{section.4}% 21
\BOOKMARK [1][-]{section.5}{\376\377\000C\000i\000r\000c\000u\000i\000t\000\040\000G\000e\000n\000e\000r\000a\000t\000i\000o\000n}{}% 22
\BOOKMARK [2][-]{subsection.5.1}{\376\377\000G\000a\000t\000e\000s}{section.5}% 23
\BOOKMARK [2][-]{subsection.5.2}{\376\377\000C\000i\000r\000c\000u\000i\000t}{section.5}% 24
\BOOKMARK [3][-]{subsubsection.5.2.1}{\376\377\000C\000i\000r\000c\000u\000i\000t\000\040\000T\000r\000a\000n\000s\000l\000a\000t\000i\000o\000n}{subsection.5.2}% 25
\BOOKMARK [3][-]{subsubsection.5.2.2}{\376\377\000S\000u\000b\000c\000i\000r\000c\000u\000i\000t\000\040\000C\000o\000n\000s\000t\000r\000u\000c\000t\000i\000o\000n}{subsection.5.2}% 26
\BOOKMARK [3][-]{subsubsection.5.2.3}{\376\377\000D\000i\000f\000f\000e\000r\000e\000n\000c\000e\000s\000\040\000t\000o\000\040\000T\000F\000H\000E\000'\000s\000\040\000P\000B\000S}{subsection.5.2}% 27
\BOOKMARK [1][-]{section.6}{\376\377\000P\000a\000r\000a\000m\000e\000t\000e\000r\000s\000\040\000a\000n\000d\000\040\000S\000e\000c\000u\000r\000i\000t\000y}{}% 28
\BOOKMARK [1][-]{section.7}{\376\377\000P\000e\000r\000f\000o\000r\000m\000a\000n\000c\000e}{}% 29
